# JRE version: OpenJDK Runtime Environment Temurin-21.0.7+6 (21.0.7+6) (build 21.0.7+6-LTS)
# Java VM: OpenJDK 64-Bit Server VM Temurin-21.0.7+6 (21.0.7+6-LTS, mixed mode, sharing, tiered, compressed oops, compressed class ptrs, parallel gc, linux-amd64)
GC Precious Log:
 CardTable entry size: 512
 CPUs: 4 total, 4 available
 Memory: 7820M
 Large Page Support: Disabled
 NUMA Support: Disabled
 Compressed Oops: Enabled (32-bit)
 Alignments: Space 512K, Generation 512K, Heap 2M
 Heap Min Capacity: 100M
 Heap Initial Capacity: 100M
 Heap Max Capacity: 1G
 Pre-touch: Disabled
 Parallel Workers: 4
Heap:
 PSYoungGen      total 11776K, used 11700K [0x00000000eab00000, 0x00000000eb880000, 0x0000000100000000)
  eden space 10240K, 100% used [0x00000000eab00000,0x00000000eb500000,0x00000000eb500000)
  from space 1536K, 95% used [0x00000000eb700000,0x00000000eb86d200,0x00000000eb880000)
  to   space 1536K, 99% used [0x00000000eb580000,0x00000000eb6fe1d8,0x00000000eb700000)
 ParOldGen       total 321536K, used 321320K [0x00000000c0000000, 0x00000000d3a00000, 0x00000000eab00000)
  object space 321536K, 99% used [0x00000000c0000000,0x00000000d39ca0c8,0x00000000d3a00000)
 Metaspace       used 102149K, committed 103744K, reserved 1179648K
  class space    used 9486K, committed 10240K, reserved 1048576K
GC Heap History (20 events):
Event: 29050.565 GC heap after
{Heap after GC invocations=7403 (full 24):
 PSYoungGen      total 5120K, used 810K [0x00000000eab00000, 0x00000000eb100000, 0x0000000100000000)
  eden space 4096K, 0% used [0x00000000eab00000,0x00000000eab00000,0x00000000eaf00000)
  from space 1024K, 79% used [0x00000000eaf00000,0x00000000eafca910,0x00000000eb000000)
  to   space 1024K, 0% used [0x00000000eb000000,0x00000000eb000000,0x00000000eb100000)
 ParOldGen       total 301056K, used 300838K [0x00000000c0000000, 0x00000000d2600000, 0x00000000eab00000)
  object space 301056K, 99% used [0x00000000c0000000,0x00000000d25c9868,0x00000000d2600000)
 Metaspace       used 102146K, committed 103744K, reserved 1179648K
  class space    used 9486K, committed 10240K, reserved 1048576K
}
Event: 29050.587 GC heap before
{Heap before GC invocations=7404 (full 24):
 PSYoungGen      total 5120K, used 4906K [0x00000000eab00000, 0x00000000eb100000, 0x0000000100000000)
  eden space 4096K, 100% used [0x00000000eab00000,0x00000000eaf00000,0x00000000eaf00000)
  from space 1024K, 79% used [0x00000000eaf00000,0x00000000eafca910,0x00000000eb000000)
  to   space 1024K, 0% used [0x00000000eb000000,0x00000000eb000000,0x00000000eb100000)
 ParOldGen       total 301056K, used 300838K [0x00000000c0000000, 0x00000000d2600000, 0x00000000eab00000)
  object space 301056K, 99% used [0x00000000c0000000,0x00000000d25c9868,0x00000000d2600000)
 Metaspace       used 102146K, committed 103744K, reserved 1179648K
  class space    used 9486K, committed 10240K, reserved 1048576K
}
Event: 29050.592 GC heap after
{Heap after GC invocations=7404 (full 24):
 PSYoungGen      total 5120K, used 608K [0x00000000eab00000, 0x00000000eb100000, 0x0000000100000000)
  eden space 4096K, 0% used [0x00000000eab00000,0x00000000eab00000,0x00000000eaf00000)
  from space 1024K, 59% used [0x00000000eb000000,0x00000000eb098000,0x00000000eb100000)
  to   space 1024K, 0% used [0x00000000eaf00000,0x00000000eaf00000,0x00000000eb000000)
 ParOldGen       total 302080K, used 301598K [0x00000000c0000000, 0x00000000d2700000, 0x00000000eab00000)
  object space 302080K, 99% used [0x00000000c0000000,0x00000000d2687af8,0x00000000d2700000)
 Metaspace       used 102146K, committed 103744K, reserved 1179648K
  class space    used 9486K, committed 10240K, reserved 1048576K
}
Event: 29050.613 GC heap before
{Heap before GC invocations=7405 (full 24):
 PSYoungGen      total 5120K, used 4704K [0x00000000eab00000, 0x00000000eb100000, 0x0000000100000000)
  eden space 4096K, 100% used [0x00000000eab00000,0x00000000eaf00000,0x00000000eaf00000)
  from space 1024K, 59% used [0x00000000eb000000,0x00000000eb098000,0x00000000eb100000)
  to   space 1024K, 0% used [0x00000000eaf00000,0x00000000eaf00000,0x00000000eb000000)
 ParOldGen       total 302080K, used 301598K [0x00000000c0000000, 0x00000000d2700000, 0x00000000eab00000)
  object space 302080K, 99% used [0x00000000c0000000,0x00000000d2687af8,0x00000000d2700000)
 Metaspace       used 102147K, committed 103744K, reserved 1179648K
  class space    used 9486K, committed 10240K, reserved 1048576K
}
Event: 29050.619 GC heap after
{Heap after GC invocations=7405 (full 24):
 PSYoungGen      total 5120K, used 1007K [0x00000000eab00000, 0x00000000eb600000, 0x0000000100000000)
  eden space 4096K, 0% used [0x00000000eab00000,0x00000000eab00000,0x00000000eaf00000)
  from space 1024K, 98% used [0x00000000eaf00000,0x00000000eaffbd58,0x00000000eb000000)
  to   space 3584K, 0% used [0x00000000eb280000,0x00000000eb280000,0x00000000eb600000)
 ParOldGen       total 304128K, used 303652K [0x00000000c0000000, 0x00000000d2900000, 0x00000000eab00000)
  object space 304128K, 99% used [0x00000000c0000000,0x00000000d2889100,0x00000000d2900000)
 Metaspace       used 102147K, committed 103744K, reserved 1179648K
  class space    used 9486K, committed 10240K, reserved 1048576K
}
Event: 29050.626 GC heap before
{Heap before GC invocations=7406 (full 24):
 PSYoungGen      total 5120K, used 5103K [0x00000000eab00000, 0x00000000eb600000, 0x0000000100000000)
  eden space 4096K, 100% used [0x00000000eab00000,0x00000000eaf00000,0x00000000eaf00000)
  from space 1024K, 98% used [0x00000000eaf00000,0x00000000eaffbd58,0x00000000eb000000)
  to   space 3584K, 0% used [0x00000000eb280000,0x00000000eb280000,0x00000000eb600000)
 ParOldGen       total 304128K, used 303652K [0x00000000c0000000, 0x00000000d2900000, 0x00000000eab00000)
  object space 304128K, 99% used [0x00000000c0000000,0x00000000d2889100,0x00000000d2900000)
 Metaspace       used 102147K, committed 103744K, reserved 1179648K
  class space    used 9486K, committed 10240K, reserved 1048576K
}
Event: 29050.634 GC heap after
{Heap after GC invocations=7406 (full 24):
 PSYoungGen      total 8192K, used 2564K [0x00000000eab00000, 0x00000000eb600000, 0x0000000100000000)
  eden space 4608K, 0% used [0x00000000eab00000,0x00000000eab00000,0x00000000eaf80000)
  from space 3584K, 71% used [0x00000000eb280000,0x00000000eb501210,0x00000000eb600000)
  to   space 3072K, 0% used [0x00000000eaf80000,0x00000000eaf80000,0x00000000eb280000)
 ParOldGen       total 305152K, used 304667K [0x00000000c0000000, 0x00000000d2a00000, 0x00000000eab00000)
  object space 305152K, 99% used [0x00000000c0000000,0x00000000d2986fc8,0x00000000d2a00000)
 Metaspace       used 102147K, committed 103744K, reserved 1179648K
  class space    used 9486K, committed 10240K, reserved 1048576K
}
Event: 29050.648 GC heap before
{Heap before GC invocations=7407 (full 24):
 PSYoungGen      total 8192K, used 7172K [0x00000000eab00000, 0x00000000eb600000, 0x0000000100000000)
  eden space 4608K, 100% used [0x00000000eab00000,0x00000000eaf80000,0x00000000eaf80000)
  from space 3584K, 71% used [0x00000000eb280000,0x00000000eb501210,0x00000000eb600000)
  to   space 3072K, 0% used [0x00000000eaf80000,0x00000000eaf80000,0x00000000eb280000)
 ParOldGen       total 305152K, used 304667K [0x00000000c0000000, 0x00000000d2a00000, 0x00000000eab00000)
  object space 305152K, 99% used [0x00000000c0000000,0x00000000d2986fc8,0x00000000d2a00000)
 Metaspace       used 102147K, committed 103744K, reserved 1179648K
  class space    used 9486K, committed 10240K, reserved 1048576K
}
Event: 29050.662 GC heap after
{Heap after GC invocations=7407 (full 24):
 PSYoungGen      total 7680K, used 3072K [0x00000000eab00000, 0x00000000ebc80000, 0x0000000100000000)
  eden space 4608K, 0% used [0x00000000eab00000,0x00000000eab00000,0x00000000eaf80000)
  from space 3072K, 100% used [0x00000000eaf80000,0x00000000eb280000,0x00000000eb280000)
  to   space 6144K, 0% used [0x00000000eb680000,0x00000000eb680000,0x00000000ebc80000)
 ParOldGen       total 307712K, used 307203K [0x00000000c0000000, 0x00000000d2c80000, 0x00000000eab00000)
  object space 307712K, 99% used [0x00000000c0000000,0x00000000d2c00c98,0x00000000d2c80000)
 Metaspace       used 102147K, committed 103744K, reserved 1179648K
  class space    used 9486K, committed 10240K, reserved 1048576K
}
Event: 29050.672 GC heap before
{Heap before GC invocations=7408 (full 24):
 PSYoungGen      total 7680K, used 7680K [0x00000000eab00000, 0x00000000ebc80000, 0x0000000100000000)
  eden space 4608K, 100% used [0x00000000eab00000,0x00000000eaf80000,0x00000000eaf80000)
  from space 3072K, 100% used [0x00000000eaf80000,0x00000000eb280000,0x00000000eb280000)
  to   space 6144K, 0% used [0x00000000eb680000,0x00000000eb680000,0x00000000ebc80000)
 ParOldGen       total 307712K, used 307203K [0x00000000c0000000, 0x00000000d2c80000, 0x00000000eab00000)
  object space 307712K, 99% used [0x00000000c0000000,0x00000000d2c00c98,0x00000000d2c80000)
 Metaspace       used 102147K, committed 103744K, reserved 1179648K
  class space    used 9486K, committed 10240K, reserved 1048576K
}
Event: 29050.679 GC heap after
{Heap after GC invocations=7408 (full 24):
 PSYoungGen      total 7168K, used 1370K [0x00000000eab00000, 0x00000000eb800000, 0x0000000100000000)
  eden space 5632K, 0% used [0x00000000eab00000,0x00000000eab00000,0x00000000eb080000)
  from space 1536K, 89% used [0x00000000eb680000,0x00000000eb7d6900,0x00000000eb800000)
  to   space 3072K, 0% used [0x00000000eb200000,0x00000000eb200000,0x00000000eb500000)
 ParOldGen       total 310784K, used 310279K [0x00000000c0000000, 0x00000000d2f80000, 0x00000000eab00000)
  object space 310784K, 99% used [0x00000000c0000000,0x00000000d2f01d18,0x00000000d2f80000)
 Metaspace       used 102147K, committed 103744K, reserved 1179648K
  class space    used 9486K, committed 10240K, reserved 1048576K
}
Event: 29050.697 GC heap before
{Heap before GC invocations=7409 (full 24):
 PSYoungGen      total 7168K, used 7002K [0x00000000eab00000, 0x00000000eb800000, 0x0000000100000000)
  eden space 5632K, 100% used [0x00000000eab00000,0x00000000eb080000,0x00000000eb080000)
  from space 1536K, 89% used [0x00000000eb680000,0x00000000eb7d6900,0x00000000eb800000)
  to   space 3072K, 0% used [0x00000000eb200000,0x00000000eb200000,0x00000000eb500000)
 ParOldGen       total 310784K, used 310279K [0x00000000c0000000, 0x00000000d2f80000, 0x00000000eab00000)
  object space 310784K, 99% used [0x00000000c0000000,0x00000000d2f01d18,0x00000000d2f80000)
 Metaspace       used 102147K, committed 103744K, reserved 1179648K
  class space    used 9486K, committed 10240K, reserved 1048576K
}
Event: 29050.701 GC heap after
{Heap after GC invocations=7409 (full 24):
 PSYoungGen      total 10240K, used 800K [0x00000000eab00000, 0x00000000eb700000, 0x0000000100000000)
  eden space 7168K, 0% used [0x00000000eab00000,0x00000000eab00000,0x00000000eb200000)
  from space 3072K, 26% used [0x00000000eb200000,0x00000000eb2c8000,0x00000000eb500000)
  to   space 1536K, 0% used [0x00000000eb580000,0x00000000eb580000,0x00000000eb700000)
 ParOldGen       total 311808K, used 311579K [0x00000000c0000000, 0x00000000d3080000, 0x00000000eab00000)
  object space 311808K, 99% used [0x00000000c0000000,0x00000000d3046c28,0x00000000d3080000)
 Metaspace       used 102147K, committed 103744K, reserved 1179648K
  class space    used 9486K, committed 10240K, reserved 1048576K
}
Event: 29050.716 GC heap before
{Heap before GC invocations=7410 (full 24):
 PSYoungGen      total 10240K, used 7968K [0x00000000eab00000, 0x00000000eb700000, 0x0000000100000000)
  eden space 7168K, 100% used [0x00000000eab00000,0x00000000eb200000,0x00000000eb200000)
  from space 3072K, 26% used [0x00000000eb200000,0x00000000eb2c8000,0x00000000eb500000)
  to   space 1536K, 0% used [0x00000000eb580000,0x00000000eb580000,0x00000000eb700000)
 ParOldGen       total 311808K, used 311579K [0x00000000c0000000, 0x00000000d3080000, 0x00000000eab00000)
  object space 311808K, 99% used [0x00000000c0000000,0x00000000d3046c28,0x00000000d3080000)
 Metaspace       used 102147K, committed 103744K, reserved 1179648K
  class space    used 9486K, committed 10240K, reserved 1048576K
}
Event: 29050.725 GC heap after
{Heap after GC invocations=7410 (full 24):
 PSYoungGen      total 9728K, used 1524K [0x00000000eab00000, 0x00000000eb880000, 0x0000000100000000)
  eden space 8192K, 0% used [0x00000000eab00000,0x00000000eab00000,0x00000000eb300000)
  from space 1536K, 99% used [0x00000000eb580000,0x00000000eb6fd200,0x00000000eb700000)
  to   space 2560K, 0% used [0x00000000eb300000,0x00000000eb300000,0x00000000eb580000)
 ParOldGen       total 312320K, used 312215K [0x00000000c0000000, 0x00000000d3100000, 0x00000000eab00000)
  object space 312320K, 99% used [0x00000000c0000000,0x00000000d30e5c78,0x00000000d3100000)
 Metaspace       used 102147K, committed 103744K, reserved 1179648K
  class space    used 9486K, committed 10240K, reserved 1048576K
}
Event: 29050.750 GC heap before
{Heap before GC invocations=7411 (full 24):
 PSYoungGen      total 9728K, used 9716K [0x00000000eab00000, 0x00000000eb880000, 0x0000000100000000)
  eden space 8192K, 100% used [0x00000000eab00000,0x00000000eb300000,0x00000000eb300000)
  from space 1536K, 99% used [0x00000000eb580000,0x00000000eb6fd200,0x00000000eb700000)
  to   space 2560K, 0% used [0x00000000eb300000,0x00000000eb300000,0x00000000eb580000)
 ParOldGen       total 312320K, used 312215K [0x00000000c0000000, 0x00000000d3100000, 0x00000000eab00000)
  object space 312320K, 99% used [0x00000000c0000000,0x00000000d30e5c78,0x00000000d3100000)
 Metaspace       used 102147K, committed 103744K, reserved 1179648K
  class space    used 9486K, committed 10240K, reserved 1048576K
}
Event: 29050.759 GC heap after
{Heap after GC invocations=7411 (full 24):
 PSYoungGen      total 10752K, used 1344K [0x00000000eab00000, 0x00000000eb900000, 0x0000000100000000)
  eden space 8192K, 0% used [0x00000000eab00000,0x00000000eab00000,0x00000000eb300000)
  from space 2560K, 52% used [0x00000000eb300000,0x00000000eb450000,0x00000000eb580000)
  to   space 2048K, 0% used [0x00000000eb700000,0x00000000eb700000,0x00000000eb900000)
 ParOldGen       total 313856K, used 313673K [0x00000000c0000000, 0x00000000d3280000, 0x00000000eab00000)
  object space 313856K, 99% used [0x00000000c0000000,0x00000000d32525e8,0x00000000d3280000)
 Metaspace       used 102147K, committed 103744K, reserved 1179648K
  class space    used 9486K, committed 10240K, reserved 1048576K
}
Event: 29051.228 GC heap before
{Heap before GC invocations=7412 (full 24):
 PSYoungGen      total 10752K, used 9536K [0x00000000eab00000, 0x00000000eb900000, 0x0000000100000000)
  eden space 8192K, 100% used [0x00000000eab00000,0x00000000eb300000,0x00000000eb300000)
  from space 2560K, 52% used [0x00000000eb300000,0x00000000eb450000,0x00000000eb580000)
  to   space 2048K, 0% used [0x00000000eb700000,0x00000000eb700000,0x00000000eb900000)
 ParOldGen       total 313856K, used 313673K [0x00000000c0000000, 0x00000000d3280000, 0x00000000eab00000)
  object space 313856K, 99% used [0x00000000c0000000,0x00000000d32525e8,0x00000000d3280000)
 Metaspace       used 102149K, committed 103744K, reserved 1179648K
  class space    used 9486K, committed 10240K, reserved 1048576K
}
Event: 29051.233 GC heap after
{Heap after GC invocations=7412 (full 24):
 PSYoungGen      total 11776K, used 1460K [0x00000000eab00000, 0x00000000eb880000, 0x0000000100000000)
  eden space 10240K, 0% used [0x00000000eab00000,0x00000000eab00000,0x00000000eb500000)
  from space 1536K, 95% used [0x00000000eb700000,0x00000000eb86d200,0x00000000eb880000)
  to   space 1536K, 0% used [0x00000000eb580000,0x00000000eb580000,0x00000000eb700000)
 ParOldGen       total 314880K, used 314876K [0x00000000c0000000, 0x00000000d3380000, 0x00000000eab00000)
  object space 314880K, 99% used [0x00000000c0000000,0x00000000d337f0c8,0x00000000d3380000)
 Metaspace       used 102149K, committed 103744K, reserved 1179648K
  class space    used 9486K, committed 10240K, reserved 1048576K
}
Event: 29051.262 GC heap before
{Heap before GC invocations=7413 (full 24):
 PSYoungGen      total 11776K, used 11700K [0x00000000eab00000, 0x00000000eb880000, 0x0000000100000000)
  eden space 10240K, 100% used [0x00000000eab00000,0x00000000eb500000,0x00000000eb500000)
  from space 1536K, 95% used [0x00000000eb700000,0x00000000eb86d200,0x00000000eb880000)
  to   space 1536K, 0% used [0x00000000eb580000,0x00000000eb580000,0x00000000eb700000)
 ParOldGen       total 314880K, used 314876K [0x00000000c0000000, 0x00000000d3380000, 0x00000000eab00000)
  object space 314880K, 99% used [0x00000000c0000000,0x00000000d337f0c8,0x00000000d3380000)
 Metaspace       used 102149K, committed 103744K, reserved 1179648K
  class space    used 9486K, committed 10240K, reserved 1048576K
}

